09:47:31.735 [TestNG-test=Test-4] INFO  tests.ValidateNavBarTest - ---------------------------
09:47:31.738 [TestNG-test=Test-4] INFO  tests.ValidateNavBarTest - Driver is initialized
09:47:31.980 [TestNG-test=Test-4] INFO  tests.ValidateNavBarTest - Nav bar displayed
09:47:36.174 [TestNG-test=Test-4] INFO  tests.ValidateNavBarTest - Driver closed
09:47:47.251 [TestNG-test=Test-2] INFO  tests.LoginTest - ---------------------------
09:47:47.252 [TestNG-test=Test-2] INFO  tests.LoginTest - Driver is initialized
09:47:48.534 [TestNG-test=Test-2] INFO  tests.LoginTest - Logging in with e-mail: aidah1803@gmail.com
09:47:48.704 [TestNG-test=Test-2] INFO  tests.LoginTest - Login successful with: aidah1803@gmail.com
09:47:48.761 [TestNG-test=Test-2] INFO  tests.LoginTest - Driver closed
09:47:52.032 [TestNG-test=Test-3] INFO  tests.ValidateTitleTest - ---------------------------
09:47:52.032 [TestNG-test=Test-3] INFO  tests.ValidateTitleTest - Driver is initialized
09:47:52.229 [TestNG-test=Test-3] INFO  tests.ValidateTitleTest - Header text matches
09:47:52.341 [TestNG-test=Test-3] INFO  tests.ValidateTitleTest - Driver closed
09:47:52.717 [TestNG-test=Test-1] INFO  tests.ForgetPasswordTest - ---------------------------
09:47:52.717 [TestNG-test=Test-1] INFO  tests.ForgetPasswordTest - Driver is initialized
09:47:54.469 [TestNG-test=Test-1] INFO  tests.ForgetPasswordTest - Forgot password link works
09:47:54.629 [TestNG-test=Test-1] INFO  tests.ForgetPasswordTest - Driver closed
09:48:07.994 [TestNG-test=Test-2] INFO  tests.LoginTest - ---------------------------
09:48:07.994 [TestNG-test=Test-2] INFO  tests.LoginTest - Driver is initialized
09:48:09.835 [TestNG-test=Test-2] INFO  tests.LoginTest - Logging in with e-mail: komora.aida@gmail.com
09:48:10.065 [TestNG-test=Test-2] ERROR tests.Listeners - login failed to execute
09:48:10.118 [TestNG-test=Test-2] INFO  tests.LoginTest - Driver closed
